JUnit version 4.13.2
....E.E
Time: 1.44
There were 2 failures:
1) testMerge(TestListExamples)
org.junit.runners.model.TestTimedOutException: test timed out after 500 milliseconds
	at java.base@17.0.9/java.util.Arrays.copyOf(Arrays.java:3512)
	at java.base@17.0.9/java.util.Arrays.copyOf(Arrays.java:3481)
	at java.base@17.0.9/java.util.ArrayList.grow(ArrayList.java:237)
	at java.base@17.0.9/java.util.ArrayList.grow(ArrayList.java:244)
	at java.base@17.0.9/java.util.ArrayList.add(ArrayList.java:454)
	at java.base@17.0.9/java.util.ArrayList.add(ArrayList.java:467)
	at app//ListExamples.merge(ListExamples.java:42)
	at app//TestListExamples.testMerge(TestListExamples.java:28)
2) testMergeRightEnd(TestListExamples)
org.junit.runners.model.TestTimedOutException: test timed out after 500 milliseconds
	at app//ListExamples.merge(ListExamples.java:43)
	at app//TestListExamples.testMergeRightEnd(TestListExamples.java:19)

FAILURES!!!
Tests run: 5,  Failures: 2

